mode: set
rest-api/config/database.go:5.44,7.13 2 1
rest-api/config/database.go:13.2,15.14 2 1
rest-api/config/database.go:7.13,9.3 1 1
rest-api/config/database.go:9.8,11.3 1 1
rest-api/config/load_env.go:5.35,6.16 1 1
rest-api/config/load_env.go:6.16,12.3 5 1
rest-api/helper/error.go:3.31,4.16 1 1
rest-api/helper/error.go:4.16,5.13 1 1
rest-api/infrastructure/mysql.go:10.54,17.2 4 1
rest-api/infrastructure/mysql.go:19.32,22.2 2 1
rest-api/infrastructure/redis.go:8.33,16.2 2 1
rest-api/main.go:15.13,18.2 2 1
rest-api/main.go:20.29,41.2 13 1
rest-api/service/role_service.go:22.69,26.2 1 1
rest-api/service/role_service.go:28.86,39.2 4 1
rest-api/service/role_service.go:41.100,52.2 4 1
rest-api/service/role_service.go:54.72,61.2 3 1
rest-api/service/role_service.go:63.63,66.28 3 1
rest-api/service/role_service.go:69.2,69.23 1 1
rest-api/service/role_service.go:66.28,68.3 1 1
rest-api/service/role_service.go:72.53,75.2 2 1
rest-api/repository/role_repository.go:20.52,24.2 1 1
rest-api/repository/role_repository.go:26.69,29.2 2 1
rest-api/repository/role_repository.go:31.81,34.2 2 1
rest-api/repository/role_repository.go:36.64,40.2 3 1
rest-api/repository/role_repository.go:42.54,46.2 3 1
rest-api/repository/role_repository.go:48.54,51.2 2 1
rest-api/controller/role_controller.go:27.82,32.2 1 1
rest-api/controller/role_controller.go:34.44,41.2 6 1
rest-api/controller/role_controller.go:43.57,44.34 1 1
rest-api/controller/role_controller.go:44.34,55.3 5 1
rest-api/controller/role_controller.go:58.57,59.34 1 1
rest-api/controller/role_controller.go:59.34,72.3 7 1
rest-api/controller/role_controller.go:75.57,76.34 1 1
rest-api/controller/role_controller.go:76.34,85.3 4 1
rest-api/controller/role_controller.go:88.59,89.34 1 1
rest-api/controller/role_controller.go:89.34,94.20 4 1
rest-api/controller/role_controller.go:102.3,105.5 1 1
rest-api/controller/role_controller.go:94.20,100.4 2 1
rest-api/controller/role_controller.go:109.58,110.34 1 1
rest-api/controller/role_controller.go:110.34,116.3 2 1
