mode: set
rest-api/helper/error.go:3.31,4.16 1 1
rest-api/helper/error.go:4.16,5.13 1 1
rest-api/config/database.go:5.44,7.13 2 1
rest-api/config/database.go:13.2,15.14 2 1
rest-api/config/database.go:7.13,9.3 1 1
rest-api/config/database.go:9.8,11.3 1 1
rest-api/infrastructure/mysql.go:10.54,17.2 4 1
rest-api/infrastructure/mysql.go:19.32,22.2 2 1
rest-api/service/role_service.go:13.70,17.2 1 1
rest-api/service/role_service.go:19.72,26.2 3 1
rest-api/service/role_service.go:28.86,35.2 3 1
rest-api/service/role_service.go:37.58,40.2 2 1
rest-api/service/role_service.go:42.49,45.2 2 1
rest-api/service/role_service.go:47.49,50.2 2 1
rest-api/repository/role_repository.go:12.53,16.2 1 1
rest-api/repository/role_repository.go:18.65,21.2 2 1
rest-api/repository/role_repository.go:23.77,26.2 2 1
rest-api/repository/role_repository.go:28.60,32.2 3 1
rest-api/repository/role_repository.go:34.51,38.2 3 1
rest-api/repository/role_repository.go:40.50,43.2 2 1
